<?xml version="1.0" encoding="utf-8"?><testsuites name="pytest tests"><testsuite name="pytest" errors="0" failures="0" skipped="0" tests="30" time="70.419" timestamp="2026-04-27T02:52:24.867238+00:00" hostname="agent-env-eda3142b-49f0-418d-ae65-7f4a288786e0"><testcase classname="backend.tests.test_iter4_reliability.TestPressReleaseReliability" name="test_press_release_repeated[0]" time="4.031" /><testcase classname="backend.tests.test_iter4_reliability.TestPressReleaseReliability" name="test_press_release_repeated[1]" time="3.466" /><testcase classname="backend.tests.test_iter4_reliability.TestPressReleaseReliability" name="test_press_release_repeated[2]" time="1.570" /><testcase classname="backend.tests.test_iter4_reliability.TestPressReleaseReliability" name="test_press_release_repeated[3]" time="3.519" /><testcase classname="backend.tests.test_iter4_reliability.TestPressReleaseReliability" name="test_press_release_repeated[4]" time="3.490" /><testcase classname="backend.tests.test_iter4_reliability.TestSSRFProtection" name="test_blocks_internal_url[http://169.254.169.254/]" time="0.049" /><testcase classname="backend.tests.test_iter4_reliability.TestSSRFProtection" name="test_blocks_internal_url[http://169.254.169.254/latest/meta-data/]" time="0.047" /><testcase classname="backend.tests.test_iter4_reliability.TestSSRFProtection" name="test_blocks_internal_url[http://localhost/]" time="0.051" /><testcase classname="backend.tests.test_iter4_reliability.TestSSRFProtection" name="test_blocks_internal_url[http://127.0.0.1/]" time="0.044" /><testcase classname="backend.tests.test_iter4_reliability.TestSSRFProtection" name="test_blocks_internal_url[http://10.0.0.1/]" time="0.047" /><testcase classname="backend.tests.test_iter4_reliability.TestSSRFProtection" name="test_blocks_internal_url[http://192.168.1.1/]" time="0.062" /><testcase classname="backend.tests.test_iter4_reliability.TestSSRFProtection" name="test_blocks_unsupported_scheme" time="0.066" /><testcase classname="backend.tests.test_iter4_reliability.TestSSRFProtection" name="test_public_url_passes_ssrf_gate" time="1.085" /><testcase classname="backend.tests.test_iter4_reliability.TestWebhookPhoneNormalisation" name="test_formatted_from_matches_clean_lead_phone" time="0.909" /><testcase classname="backend.tests.test_iter4_reliability.TestWebhookPhoneNormalisation" name="test_webhook_no_signature_still_ok_when_strict_disabled" time="0.148" /><testcase classname="backend.tests.test_iter4_reliability.TestAIEndpointsNoCrash" name="test_market_analyze" time="2.766" /><testcase classname="backend.tests.test_iter4_reliability.TestAIEndpointsNoCrash" name="test_seo_keywords" time="7.895" /><testcase classname="backend.tests.test_iter4_reliability.TestAIEndpointsNoCrash" name="test_seo_backlinks" time="10.964" /><testcase classname="backend.tests.test_iter4_reliability.TestAIEndpointsNoCrash" name="test_seo_content_gaps" time="5.119" /><testcase classname="backend.tests.test_iter4_reliability.TestAIEndpointsNoCrash" name="test_pr_media_list" time="10.126" /><testcase classname="backend.tests.test_iter4_reliability.TestAIEndpointsNoCrash" name="test_pr_outreach_email" time="0.641" /><testcase classname="backend.tests.test_iter4_reliability.TestAIEndpointsNoCrash" name="test_growth_plan_generate" time="5.121" /><testcase classname="backend.tests.test_iter4_reliability.TestAIEndpointsNoCrash" name="test_briefing_generate" time="1.888" /><testcase classname="backend.tests.test_iter4_reliability.TestAIEndpointsNoCrash" name="test_ai_generate_content" time="1.880" /><testcase classname="backend.tests.test_iter4_reliability.TestAIEndpointsNoCrash" name="test_leads_score_batch" time="4.415" /><testcase classname="backend.tests.test_iter4_reliability.TestAIEndpointsNoCrash" name="test_leads_ai_reply" time="0.336" /><testcase classname="backend.tests.test_iter4_reliability.TestRegression" name="test_login" time="0.275" /><testcase classname="backend.tests.test_iter4_reliability.TestRegression" name="test_dashboard_stats" time="0.060" /><testcase classname="backend.tests.test_iter4_reliability.TestRegression" name="test_leads_list" time="0.064" /><testcase classname="backend.tests.test_iter4_reliability.TestRegression" name="test_inbox_requires_auth" time="0.189" /></testsuite></testsuites>