<?xml version="1.0" encoding="utf-8"?><testsuites name="pytest tests"><testsuite name="pytest" errors="0" failures="0" skipped="0" tests="23" time="10.333" timestamp="2026-04-30T02:04:26.952271+00:00" hostname="agent-env-eda3142b-49f0-418d-ae65-7f4a288786e0"><testcase classname="backend.tests.test_iter20_copilot_competitors_ssrf.TestSSRFProtection" name="test_ssrf_blocked[http://localhost:8001/api/admin/users]" time="0.330" /><testcase classname="backend.tests.test_iter20_copilot_competitors_ssrf.TestSSRFProtection" name="test_ssrf_blocked[http://127.0.0.1]" time="0.124" /><testcase classname="backend.tests.test_iter20_copilot_competitors_ssrf.TestSSRFProtection" name="test_ssrf_blocked[http://169.254.169.254/latest/meta-data/]" time="0.126" /><testcase classname="backend.tests.test_iter20_copilot_competitors_ssrf.TestSSRFProtection" name="test_ssrf_blocked[http://10.0.0.1]" time="0.105" /><testcase classname="backend.tests.test_iter20_copilot_competitors_ssrf.TestSSRFProtection" name="test_ssrf_blocked[http://192.168.1.1]" time="0.163" /><testcase classname="backend.tests.test_iter20_copilot_competitors_ssrf.TestSSRFProtection" name="test_ssrf_blocked[http://[::1]]" time="0.107" /><testcase classname="backend.tests.test_iter20_copilot_competitors_ssrf.TestFreeAuditRateLimit" name="test_per_ip_limit_eleventh_request_429" time="5.501" /><testcase classname="backend.tests.test_iter20_copilot_competitors_ssrf.TestCopilot" name="test_state_auto_creates_default" time="0.396" /><testcase classname="backend.tests.test_iter20_copilot_competitors_ssrf.TestCopilot" name="test_toggle_persist" time="0.103" /><testcase classname="backend.tests.test_iter20_copilot_competitors_ssrf.TestCopilot" name="test_toggle_invalid_aggressiveness_400" time="0.054" /><testcase classname="backend.tests.test_iter20_copilot_competitors_ssrf.TestCopilot" name="test_run_now_returns_brief" time="0.655" /><testcase classname="backend.tests.test_iter20_copilot_competitors_ssrf.TestCopilot" name="test_state_reflects_new_brief" time="0.061" /><testcase classname="backend.tests.test_iter20_copilot_competitors_ssrf.TestCompetitors" name="test_list_empty" time="0.103" /><testcase classname="backend.tests.test_iter20_copilot_competitors_ssrf.TestCompetitors" name="test_add_competitor" time="0.053" /><testcase classname="backend.tests.test_iter20_copilot_competitors_ssrf.TestCompetitors" name="test_add_empty_url_400" time="0.050" /><testcase classname="backend.tests.test_iter20_copilot_competitors_ssrf.TestCompetitors" name="test_max_3_competitors" time="0.161" /><testcase classname="backend.tests.test_iter20_copilot_competitors_ssrf.TestCompetitors" name="test_scan_returns_analysis" time="0.828" /><testcase classname="backend.tests.test_iter20_copilot_competitors_ssrf.TestCompetitors" name="test_scan_invalid_cid_404" time="0.054" /><testcase classname="backend.tests.test_iter20_copilot_competitors_ssrf.TestCompetitors" name="test_delete_competitor" time="0.054" /><testcase classname="backend.tests.test_iter20_copilot_competitors_ssrf.TestCompetitors" name="test_delete_invalid_cid_404" time="0.212" /><testcase classname="backend.tests.test_iter20_copilot_competitors_ssrf.TestLeadEnrichment" name="test_enrich_corporate_email" time="0.813" /><testcase classname="backend.tests.test_iter20_copilot_competitors_ssrf.TestLeadEnrichment" name="test_enrich_personal_email_400" time="0.113" /><testcase classname="backend.tests.test_iter20_copilot_competitors_ssrf.TestLeadEnrichment" name="test_enrich_invalid_lead_id_404" time="0.065" /></testsuite></testsuites>