<?xml version="1.0" encoding="utf-8"?><testsuites name="pytest tests"><testsuite name="pytest" errors="0" failures="0" skipped="0" tests="9" time="7.934" timestamp="2026-05-01T02:54:17.024567+00:00" hostname="agent-env-eda3142b-49f0-418d-ae65-7f4a288786e0"><testcase classname="backend.tests.test_onboarding_wizard.TestWizardStateShape" name="test_admin_wizard_state_shape" time="0.477" /><testcase classname="backend.tests.test_onboarding_wizard.TestWizardStateShape" name="test_unauthenticated_blocked" time="0.105" /><testcase classname="backend.tests.test_onboarding_wizard.TestFreshUserWizardFlow" name="test_fresh_user_show_wizard_true" time="0.533" /><testcase classname="backend.tests.test_onboarding_wizard.TestFreshUserWizardFlow" name="test_dismiss_hides_wizard" time="0.245" /><testcase classname="backend.tests.test_onboarding_wizard.TestFreshUserWizardFlow" name="test_complete_hides_wizard" time="0.245" /><testcase classname="backend.tests.test_onboarding_wizard.TestMultiTenantIsolation" name="test_admin_dismiss_does_not_affect_other_user" time="0.564" /><testcase classname="backend.tests.test_onboarding_wizard.TestReshowPrevention" name="test_completed_state_persists_across_requests" time="0.778" /><testcase classname="backend.tests.test_onboarding_wizard.TestStep4SchedulePayload" name="test_schedule_accepts_content_id_scheduled_at_platforms" time="3.061" /><testcase classname="backend.tests.test_onboarding_wizard.TestStep3QuickPlanPayloadKey" name="test_quick_plan_accepts_monthly_budget_key" time="1.856" /></testsuite></testsuites>