<?xml version="1.0" encoding="utf-8"?><testsuites name="pytest tests"><testsuite name="pytest" errors="0" failures="0" skipped="0" tests="12" time="2.879" timestamp="2026-04-27T04:34:19.229968+00:00" hostname="agent-env-eda3142b-49f0-418d-ae65-7f4a288786e0"><testcase classname="backend.tests.test_iter6_analytics_targets.TestLeadTargets" name="test_post_and_get_lead_target_with_guarantee" time="0.705" /><testcase classname="backend.tests.test_iter6_analytics_targets.TestLeadTargets" name="test_revenue_target_explicit_overrides_autocompute" time="0.109" /><testcase classname="backend.tests.test_iter6_analytics_targets.TestAnalyticsRealtime" name="test_realtime_shape" time="0.145" /><testcase classname="backend.tests.test_iter6_analytics_targets.TestAnalyticsRevenue" name="test_six_consecutive_months" time="0.113" /><testcase classname="backend.tests.test_iter6_analytics_targets.TestLeadAutoConvertValue" name="test_create_lead_then_convert_auto_fills_actual_value" time="0.437" /><testcase classname="backend.tests.test_iter6_analytics_targets.TestLeadAutoConvertValue" name="test_explicit_actual_value_respected" time="0.429" /><testcase classname="backend.tests.test_iter6_analytics_targets.TestChannelOverride" name="test_channel_override_persists" time="0.305" /><testcase classname="backend.tests.test_iter6_analytics_targets.TestSmoke" name="test_dashboard_stats" time="0.113" /><testcase classname="backend.tests.test_iter6_analytics_targets.TestSmoke" name="test_landing_pages_list" time="0.110" /><testcase classname="backend.tests.test_iter6_analytics_targets.TestSmoke" name="test_growth_plan_latest" time="0.101" /><testcase classname="backend.tests.test_iter6_analytics_targets.TestSmoke" name="test_public_landing_page" time="0.107" /><testcase classname="backend.tests.test_iter6_analytics_targets.TestSmoke" name="test_leads_list" time="0.113" /></testsuite></testsuites>