<?xml version="1.0" encoding="utf-8"?><testsuites name="pytest tests"><testsuite name="pytest" errors="0" failures="0" skipped="0" tests="11" time="4.825" timestamp="2026-04-28T17:27:07.203690+00:00" hostname="agent-env-eda3142b-49f0-418d-ae65-7f4a288786e0"><testcase classname="backend.tests.test_iter14_marketing_metrics.TestMarketingMetrics" name="test_default_30day_shape" time="0.643" /><testcase classname="backend.tests.test_iter14_marketing_metrics.TestMarketingMetrics" name="test_admin_has_data" time="0.118" /><testcase classname="backend.tests.test_iter14_marketing_metrics.TestMarketingMetrics" name="test_days_param_affects_window" time="0.151" /><testcase classname="backend.tests.test_iter14_marketing_metrics.TestMarketingMetrics" name="test_days_clamped_max_90" time="0.079" /><testcase classname="backend.tests.test_iter14_marketing_metrics.TestMarketingMetrics" name="test_days_clamped_min_1" time="0.076" /><testcase classname="backend.tests.test_iter14_marketing_metrics.TestMarketingMetrics" name="test_unauth_rejected" time="0.118" /><testcase classname="backend.tests.test_iter14_marketing_metrics.TestAdminUsersAggregation" name="test_response_shape" time="0.075" /><testcase classname="backend.tests.test_iter14_marketing_metrics.TestAdminUsersAggregation" name="test_response_time_under_2s" time="0.084" /><testcase classname="backend.tests.test_iter14_marketing_metrics.TestAdminUsersAggregation" name="test_aggregated_counts_match_per_user" time="0.086" /><testcase classname="backend.tests.test_iter14_marketing_metrics.TestKickoffParallel" name="test_kickoff_3_posts_under_30s" time="3.155" /><testcase classname="backend.tests.test_iter14_marketing_metrics.TestKickoffParallel" name="test_kickoff_caps_at_6" time="0.155" /></testsuite></testsuites>