<?xml version="1.0" encoding="utf-8"?><testsuites name="pytest tests"><testsuite name="pytest" errors="0" failures="1" skipped="0" tests="16" time="35.000" timestamp="2026-04-29T17:21:59.931985+00:00" hostname="agent-env-eda3142b-49f0-418d-ae65-7f4a288786e0"><testcase classname="backend.tests.test_iter19_audit_abtest_whatsapp.TestFreeAudit" name="test_happy_path" time="1.643" /><testcase classname="backend.tests.test_iter19_audit_abtest_whatsapp.TestFreeAudit" name="test_empty_url_400" time="0.052" /><testcase classname="backend.tests.test_iter19_audit_abtest_whatsapp.TestFreeAudit" name="test_invalid_email_400" time="0.046" /><testcase classname="backend.tests.test_iter19_audit_abtest_whatsapp.TestFreeAudit" name="test_unreachable_domain_400" time="0.104" /><testcase classname="backend.tests.test_iter19_audit_abtest_whatsapp.TestFreeAudit" name="test_rate_limit_429" time="5.148" /><testcase classname="backend.tests.test_iter19_audit_abtest_whatsapp.TestFreeAudit" name="test_lead_persisted" time="3.471" /><testcase classname="backend.tests.test_iter19_audit_abtest_whatsapp.TestABTest" name="test_unauth_401" time="0.167" /><testcase classname="backend.tests.test_iter19_audit_abtest_whatsapp.TestABTest" name="test_subject_happy" time="1.060" /><testcase classname="backend.tests.test_iter19_audit_abtest_whatsapp.TestABTest" name="test_headline_works" time="1.021" /><testcase classname="backend.tests.test_iter19_audit_abtest_whatsapp.TestABTest" name="test_cta_works" time="0.998" /><testcase classname="backend.tests.test_iter19_audit_abtest_whatsapp.TestABTest" name="test_invalid_kind_400" time="0.056" /><testcase classname="backend.tests.test_iter19_audit_abtest_whatsapp.TestABTest" name="test_empty_base_400" time="0.048" /><testcase classname="backend.tests.test_iter19_audit_abtest_whatsapp.TestABTest" name="test_n_clamped_to_5" time="1.258" /><testcase classname="backend.tests.test_iter19_audit_abtest_whatsapp.TestABTest" name="test_history_includes_recent" time="0.060" /><testcase classname="backend.tests.test_iter19_audit_abtest_whatsapp.TestWhatsAppPlatform" name="test_create_schedule_with_whatsapp" time="16.608"><failure message="KeyError: 'platforms'">backend/tests/test_iter19_audit_abtest_whatsapp.py:191: in test_create_schedule_with_whatsapp
    assert "whatsapp_broadcast" in d["platforms"]
                                   ^^^^^^^^^^^^^^
E   KeyError: 'platforms'</failure></testcase><testcase classname="backend.tests.test_iter19_audit_abtest_whatsapp.TestWhatsAppPlatform" name="test_schedule_rejects_unknown_platform" time="3.130" /></testsuite></testsuites>