<?xml version="1.0" encoding="utf-8"?><testsuites name="pytest tests"><testsuite name="pytest" errors="0" failures="0" skipped="0" tests="22" time="4.712" timestamp="2026-04-28T18:13:58.425355+00:00" hostname="agent-env-eda3142b-49f0-418d-ae65-7f4a288786e0"><testcase classname="backend.tests.test_iter16_wallet_adplatform.TestWallet" name="test_wallet_get_autocreate" time="0.596" /><testcase classname="backend.tests.test_iter16_wallet_adplatform.TestWallet" name="test_wallet_topup_creates_order" time="0.921" /><testcase classname="backend.tests.test_iter16_wallet_adplatform.TestWallet" name="test_wallet_topup_amount_zero_400" time="0.107" /><testcase classname="backend.tests.test_iter16_wallet_adplatform.TestWallet" name="test_wallet_topup_amount_too_large_400" time="0.121" /><testcase classname="backend.tests.test_iter16_wallet_adplatform.TestWallet" name="test_wallet_topup_verify_bad_signature_400" time="0.129" /><testcase classname="backend.tests.test_iter16_wallet_adplatform.TestWallet" name="test_auto_recharge_enable_with_valid" time="0.113" /><testcase classname="backend.tests.test_iter16_wallet_adplatform.TestWallet" name="test_auto_recharge_enable_invalid_threshold_400" time="0.108" /><testcase classname="backend.tests.test_iter16_wallet_adplatform.TestWallet" name="test_auto_recharge_enable_invalid_topup_400" time="0.138" /><testcase classname="backend.tests.test_iter16_wallet_adplatform.TestWallet" name="test_auto_recharge_disable_ok" time="0.114" /><testcase classname="backend.tests.test_iter16_wallet_adplatform.TestWallet" name="test_wallet_transactions_pagination" time="0.111" /><testcase classname="backend.tests.test_iter16_wallet_adplatform.TestAdPlatform" name="test_list_accounts_initial" time="0.111" /><testcase classname="backend.tests.test_iter16_wallet_adplatform.TestAdPlatform" name="test_connect_meta_account" time="0.332" /><testcase classname="backend.tests.test_iter16_wallet_adplatform.TestAdPlatform" name="test_connect_unsupported_platform_400" time="0.201" /><testcase classname="backend.tests.test_iter16_wallet_adplatform.TestAdPlatform" name="test_connect_short_token_400" time="0.114" /><testcase classname="backend.tests.test_iter16_wallet_adplatform.TestAdPlatform" name="test_connect_missing_ad_account_id_400" time="0.110" /><testcase classname="backend.tests.test_iter16_wallet_adplatform.TestAdPlatform" name="test_launch_plan_creates_meta_campaign" time="0.115" /><testcase classname="backend.tests.test_iter16_wallet_adplatform.TestAdPlatform" name="test_list_campaigns" time="0.113" /><testcase classname="backend.tests.test_iter16_wallet_adplatform.TestAdPlatform" name="test_pause_resume_campaign" time="0.402" /><testcase classname="backend.tests.test_iter16_wallet_adplatform.TestAdPlatform" name="test_pause_invalid_campaign_404" time="0.185" /><testcase classname="backend.tests.test_iter16_wallet_adplatform.TestAdPlatform" name="test_delete_invalid_account_404" time="0.118" /><testcase classname="backend.tests.test_iter16_wallet_adplatform.TestAdPlatform" name="test_delete_account_ok" time="0.294" /><testcase classname="backend.tests.test_iter16_wallet_adplatform.TestScheduler" name="test_ad_spend_sync_job_registered" time="0.005" /></testsuite></testsuites>