<?xml version="1.0" encoding="utf-8"?><testsuites name="pytest tests"><testsuite name="pytest" errors="0" failures="0" skipped="0" tests="15" time="70.476" timestamp="2026-05-01T11:04:15.002620+00:00" hostname="agent-env-eda3142b-49f0-418d-ae65-7f4a288786e0"><testcase classname="backend.tests.test_iter32_regression" name="test_login_admin" time="0.438" /><testcase classname="backend.tests.test_iter32_regression" name="test_auth_me" time="0.108" /><testcase classname="backend.tests.test_iter32_regression" name="test_logout_then_token_still_valid" time="0.089" /><testcase classname="backend.tests.test_iter32_regression" name="test_leads_create" time="0.047" /><testcase classname="backend.tests.test_iter32_regression" name="test_leads_csv_import" time="0.114" /><testcase classname="backend.tests.test_iter32_regression" name="test_campaign_created" time="0.048" /><testcase classname="backend.tests.test_iter32_regression" name="test_campaign_approve_and_send" time="2.097" /><testcase classname="backend.tests.test_iter32_regression" name="test_campaign_duplicate" time="0.062" /><testcase classname="backend.tests.test_iter32_regression" name="test_campaign_boost" time="0.052" /><testcase classname="backend.tests.test_iter32_regression" name="test_scraping_start" time="41.542" /><testcase classname="backend.tests.test_iter32_regression" name="test_competitor_scan" time="2.839" /><testcase classname="backend.tests.test_iter32_regression" name="test_ai_generate_content" time="2.299" /><testcase classname="backend.tests.test_iter32_regression" name="test_quick_plan_generate" time="3.559" /><testcase classname="backend.tests.test_iter32_regression" name="test_assistant_chat" time="0.857" /><testcase classname="backend.tests.test_iter32_regression" name="test_autopilot_kickoff" time="16.234" /></testsuite></testsuites>