<?xml version="1.0" encoding="utf-8"?><testsuites name="pytest tests"><testsuite name="pytest" errors="0" failures="0" skipped="0" tests="15" time="34.834" timestamp="2026-04-28T17:12:09.311116+00:00" hostname="agent-env-eda3142b-49f0-418d-ae65-7f4a288786e0"><testcase classname="backend.tests.test_iter7_quickplan_admin_social.TestQuickPlan" name="test_quick_plan_invalid_budget" time="0.449" /><testcase classname="backend.tests.test_iter7_quickplan_admin_social.TestQuickPlan" name="test_quick_plan_invalid_duration" time="0.057" /><testcase classname="backend.tests.test_iter7_quickplan_admin_social.TestQuickPlan" name="test_quick_plan_generate_and_persistence" time="1.780" /><testcase classname="backend.tests.test_iter7_quickplan_admin_social.TestPlanKickoff" name="test_kickoff_unsupported_platform" time="0.060" /><testcase classname="backend.tests.test_iter7_quickplan_admin_social.TestPlanKickoff" name="test_kickoff_creates_kits_and_schedules" time="30.760" /><testcase classname="backend.tests.test_iter7_quickplan_admin_social.TestPlanKickoff" name="test_kickoff_no_plan_returns_404" time="0.469" /><testcase classname="backend.tests.test_iter7_quickplan_admin_social.TestAdmin" name="test_admin_overview_admin_ok" time="0.059" /><testcase classname="backend.tests.test_iter7_quickplan_admin_social.TestAdmin" name="test_admin_overview_non_admin_forbidden" time="0.055" /><testcase classname="backend.tests.test_iter7_quickplan_admin_social.TestAdmin" name="test_admin_users_list" time="0.066" /><testcase classname="backend.tests.test_iter7_quickplan_admin_social.TestSocialIntegrations" name="test_get_social_default" time="0.120" /><testcase classname="backend.tests.test_iter7_quickplan_admin_social.TestSocialIntegrations" name="test_post_social_unsupported" time="0.050" /><testcase classname="backend.tests.test_iter7_quickplan_admin_social.TestSocialIntegrations" name="test_post_social_too_short" time="0.051" /><testcase classname="backend.tests.test_iter7_quickplan_admin_social.TestSocialIntegrations" name="test_post_social_encrypted_at_rest" time="0.184" /><testcase classname="backend.tests.test_iter7_quickplan_admin_social.TestSocialIntegrations" name="test_delete_social" time="0.052" /><testcase classname="backend.tests.test_iter7_quickplan_admin_social.TestAssistantChat" name="test_chat_returns_reply" time="0.527" /></testsuite></testsuites>