<?xml version="1.0" encoding="utf-8"?><testsuites name="pytest tests"><testsuite name="pytest" errors="0" failures="0" skipped="0" tests="10" time="46.737" timestamp="2026-05-01T08:48:43.521439+00:00" hostname="agent-env-eda3142b-49f0-418d-ae65-7f4a288786e0"><testcase classname="backend.tests.test_iter23_auth_locale_llm.TestAuth" name="test_admin_login_returns_token" time="5.588" /><testcase classname="backend.tests.test_iter23_auth_locale_llm.TestAuth" name="test_logout_with_token" time="0.394" /><testcase classname="backend.tests.test_iter23_auth_locale_llm.TestAuth" name="test_logout_without_token" time="19.679" /><testcase classname="backend.tests.test_iter23_auth_locale_llm.TestAuth" name="test_register_open" time="0.384" /><testcase classname="backend.tests.test_iter23_auth_locale_llm.TestRestrictedSignIn" name="test_google_callback_invalid_session" time="0.224" /><testcase classname="backend.tests.test_iter23_auth_locale_llm.TestRestrictedSignIn" name="test_sms_otp_unknown_phone_no_auto_create" time="0.627" /><testcase classname="backend.tests.test_iter23_auth_locale_llm.TestLocale" name="test_fresh_user_defaults_to_india" time="0.048" /><testcase classname="backend.tests.test_iter23_auth_locale_llm.TestGeminiLLM" name="test_assistant_chat_returns_reply" time="2.277" /><testcase classname="backend.tests.test_iter23_auth_locale_llm.TestGeminiLLM" name="test_quick_plan_generate" time="4.002" /><testcase classname="backend.tests.test_iter23_auth_locale_llm.TestGeminiLLM" name="test_content_generate" time="13.423" /></testsuite></testsuites>