<?xml version="1.0" encoding="utf-8"?><testsuites name="pytest tests"><testsuite name="pytest" errors="0" failures="0" skipped="0" tests="9" time="20.745" timestamp="2026-05-01T09:39:09.563883+00:00" hostname="agent-env-eda3142b-49f0-418d-ae65-7f4a288786e0"><testcase classname="backend.tests.test_iter26_recipients_competitors" name="test_quick_plan_generate" time="4.113" /><testcase classname="backend.tests.test_iter26_recipients_competitors" name="test_create_lead_and_verify" time="0.110" /><testcase classname="backend.tests.test_iter26_recipients_competitors" name="test_bulk_csv_upload" time="0.099" /><testcase classname="backend.tests.test_iter26_recipients_competitors" name="test_scrape_google_maps_leads" time="5.361" /><testcase classname="backend.tests.test_iter26_recipients_competitors" name="test_competitor_add_and_scan" time="2.407" /><testcase classname="backend.tests.test_iter26_recipients_competitors" name="test_campaign_create_by_status" time="0.051" /><testcase classname="backend.tests.test_iter26_recipients_competitors" name="test_campaign_create_manual_recipients" time="0.044" /><testcase classname="backend.tests.test_iter26_recipients_competitors" name="test_campaign_duplicate" time="0.112" /><testcase classname="backend.tests.test_iter26_recipients_competitors" name="test_campaign_scope_selected_targets_specific_leads" time="8.355" /></testsuite></testsuites>