<?xml version="1.0" encoding="utf-8"?><testsuites name="pytest tests"><testsuite name="pytest" errors="0" failures="1" skipped="0" tests="19" time="45.743" timestamp="2026-04-27T02:44:54.789630+00:00" hostname="agent-env-eda3142b-49f0-418d-ae65-7f4a288786e0"><testcase classname="backend.tests.test_zeromark_growth_studio.TestRegressionBasics" name="test_login_works" time="0.388" /><testcase classname="backend.tests.test_zeromark_growth_studio.TestRegressionBasics" name="test_register_then_me" time="0.330" /><testcase classname="backend.tests.test_zeromark_growth_studio.TestRegressionBasics" name="test_dashboard_stats" time="0.333" /><testcase classname="backend.tests.test_zeromark_growth_studio.TestRegressionBasics" name="test_leads_list" time="0.049" /><testcase classname="backend.tests.test_zeromark_growth_studio.TestAutoFill" name="test_auto_fill_from_url" time="1.325" /><testcase classname="backend.tests.test_zeromark_growth_studio.TestMarket" name="test_market_analyze_and_latest" time="2.894" /><testcase classname="backend.tests.test_zeromark_growth_studio.TestSEO" name="test_seo_keywords" time="2.674" /><testcase classname="backend.tests.test_zeromark_growth_studio.TestSEO" name="test_seo_backlinks" time="3.146" /><testcase classname="backend.tests.test_zeromark_growth_studio.TestSEO" name="test_seo_content_gaps" time="4.858" /><testcase classname="backend.tests.test_zeromark_growth_studio.TestPR" name="test_press_release" time="9.892"><failure message="AssertionError: Internal Server Error&#10;assert 500 == 200&#10; +  where 500 = &lt;Response [500]&gt;.status_code">backend/tests/test_zeromark_growth_studio.py:199: in test_press_release
    assert r.status_code == 200, r.text
E   AssertionError: Internal Server Error
E   assert 500 == 200
E    +  where 500 = &lt;Response [500]&gt;.status_code</failure></testcase><testcase classname="backend.tests.test_zeromark_growth_studio.TestPR" name="test_media_list" time="10.788" /><testcase classname="backend.tests.test_zeromark_growth_studio.TestPR" name="test_outreach_email" time="0.649" /><testcase classname="backend.tests.test_zeromark_growth_studio.TestGrowthPlan" name="test_generate_and_latest" time="5.878" /><testcase classname="backend.tests.test_zeromark_growth_studio.TestInboundWebhook" name="test_webhook_with_unknown_phone_still_returns_twiml" time="0.219" /><testcase classname="backend.tests.test_zeromark_growth_studio.TestInboundWebhook" name="test_webhook_logs_inbound_for_known_lead_then_inbox" time="0.905" /><testcase classname="backend.tests.test_zeromark_growth_studio.TestInboundWebhook" name="test_inbox_requires_auth" time="0.150" /><testcase classname="backend.tests.test_zeromark_growth_studio.TestIntegrationsEncryption" name="test_post_then_get_no_token_leak" time="0.099" /><testcase classname="backend.tests.test_zeromark_growth_studio.TestIntegrationsEncryption" name="test_mongo_stores_encrypted_token" time="0.081" /><testcase classname="backend.tests.test_zeromark_growth_studio.TestBriefingRegression" name="test_briefing_generate" time="0.993" /></testsuite></testsuites>