<?xml version="1.0" encoding="utf-8"?><testsuites name="pytest tests"><testsuite name="pytest" errors="0" failures="0" skipped="0" tests="23" time="2.610" timestamp="2026-04-29T03:01:09.437909+00:00" hostname="agent-env-eda3142b-49f0-418d-ae65-7f4a288786e0"><testcase classname="backend.tests.test_iter18_admin_console.TestUserDetail" name="test_user_detail_ok" time="0.893" /><testcase classname="backend.tests.test_iter18_admin_console.TestUserDetail" name="test_user_detail_404" time="0.048" /><testcase classname="backend.tests.test_iter18_admin_console.TestUserDetail" name="test_user_detail_403_for_non_admin" time="0.422" /><testcase classname="backend.tests.test_iter18_admin_console.TestAdminSubscription" name="test_set_subscription_pro_3mo" time="0.049" /><testcase classname="backend.tests.test_iter18_admin_console.TestAdminSubscription" name="test_set_subscription_invalid_plan" time="0.048" /><testcase classname="backend.tests.test_iter18_admin_console.TestAdminSubscription" name="test_set_subscription_non_admin" time="0.053" /><testcase classname="backend.tests.test_iter18_admin_console.TestAdminWallet" name="test_credit_wallet" time="0.051" /><testcase classname="backend.tests.test_iter18_admin_console.TestAdminWallet" name="test_debit_wallet" time="0.050" /><testcase classname="backend.tests.test_iter18_admin_console.TestAdminWallet" name="test_zero_amount" time="0.048" /><testcase classname="backend.tests.test_iter18_admin_console.TestAdminWallet" name="test_short_reason" time="0.045" /><testcase classname="backend.tests.test_iter18_admin_console.TestAdminWallet" name="test_insufficient_balance" time="0.047" /><testcase classname="backend.tests.test_iter18_admin_console.TestAdminDiscount" name="test_apply_discount" time="0.048" /><testcase classname="backend.tests.test_iter18_admin_console.TestAdminDiscount" name="test_invalid_percent_negative" time="0.048" /><testcase classname="backend.tests.test_iter18_admin_console.TestAdminDiscount" name="test_invalid_percent_over" time="0.058" /><testcase classname="backend.tests.test_iter18_admin_console.TestAdminRoleSuspend" name="test_self_demote_blocked" time="0.092" /><testcase classname="backend.tests.test_iter18_admin_console.TestAdminRoleSuspend" name="test_self_suspend_blocked" time="0.095" /><testcase classname="backend.tests.test_iter18_admin_console.TestAdminRoleSuspend" name="test_suspend_target" time="0.100" /><testcase classname="backend.tests.test_iter18_admin_console.TestAdminRevenue" name="test_revenue_shape" time="0.061" /><testcase classname="backend.tests.test_iter18_admin_console.TestAdminRevenue" name="test_revenue_non_admin" time="0.052" /><testcase classname="backend.tests.test_iter18_admin_console.TestAuditLog" name="test_audit_log_paged" time="0.054" /><testcase classname="backend.tests.test_iter18_admin_console.TestAuditLog" name="test_audit_includes_recent_actions" time="0.051" /><testcase classname="backend.tests.test_iter18_admin_console.TestLegacyAdmin" name="test_admin_overview_works" time="0.051" /><testcase classname="backend.tests.test_iter18_admin_console.TestLegacyAdmin" name="test_admin_users_works" time="0.052" /></testsuite></testsuites>