<?xml version="1.0" encoding="utf-8"?><testsuites name="pytest tests"><testsuite name="pytest" errors="0" failures="0" skipped="0" tests="17" time="9.495" timestamp="2026-04-27T03:38:12.214266+00:00" hostname="agent-env-eda3142b-49f0-418d-ae65-7f4a288786e0"><testcase classname="tests.test_iter5_team_ratelimit" name="test_admin_login_works" time="0.349" /><testcase classname="tests.test_iter5_team_ratelimit" name="test_dashboard_stats" time="0.116" /><testcase classname="tests.test_iter5_team_ratelimit" name="test_team_members_includes_admin_owner" time="0.236" /><testcase classname="tests.test_iter5_team_ratelimit" name="test_invite_creates_teammate_with_owner_workspace" time="1.426" /><testcase classname="tests.test_iter5_team_ratelimit" name="test_team_data_sharing_leads_visible_to_teammate" time="0.323" /><testcase classname="tests.test_iter5_team_ratelimit" name="test_non_owner_cannot_invite" time="0.103" /><testcase classname="tests.test_iter5_team_ratelimit" name="test_teammate_cannot_remove_owner" time="0.102" /><testcase classname="tests.test_iter5_team_ratelimit" name="test_owner_can_remove_teammate" time="1.082" /><testcase classname="tests.test_iter5_team_ratelimit" name="test_ai_rate_limit_429_via_seeded_calls" time="1.471" /><testcase classname="tests.test_iter5_team_ratelimit" name="test_seo_keywords_returns_ai_source_with_25_items" time="2.743" /><testcase classname="tests.test_iter5_team_ratelimit" name="test_oauth_linkedin_start_400_when_unconfigured" time="0.114" /><testcase classname="tests.test_iter5_team_ratelimit" name="test_oauth_unknown_provider_404" time="0.105" /><testcase classname="tests.test_iter5_team_ratelimit" name="test_inbox_messages_have_lead_field" time="0.105" /><testcase classname="tests.test_iter5_team_ratelimit" name="test_briefing_preferences_post_and_get" time="0.431" /><testcase classname="tests.test_iter5_team_ratelimit" name="test_ssrf_block_private_ip" time="0.108" /><testcase classname="tests.test_iter5_team_ratelimit" name="test_leads_crud_full_cycle" time="0.437" /><testcase classname="tests.test_iter5_team_ratelimit" name="test_integrations_get_ok" time="0.109" /></testsuite></testsuites>