<?xml version="1.0" encoding="utf-8"?><testsuites name="pytest tests"><testsuite name="pytest" errors="0" failures="0" skipped="2" tests="10" time="13.518" timestamp="2026-05-01T06:26:54.954210+00:00" hostname="agent-env-eda3142b-49f0-418d-ae65-7f4a288786e0"><testcase classname="tests.test_sprint_abc.TestBusinessProfile" name="test_post_business_persists_approvals_and_voice" time="0.319" /><testcase classname="tests.test_sprint_abc.TestQuickPlanConfidence" name="test_confidence_score_present" time="12.297"><skipped type="pytest.skip" message="LLM unavailable after retries (Groq TPD?): 502 {&quot;detail&quot;:&quot;AI is busy — please try again in a moment&quot;}">/app/backend/tests/test_sprint_abc.py:89: LLM unavailable after retries (Groq TPD?): 502 {"detail":"AI is busy — please try again in a moment"}</skipped></testcase><testcase classname="tests.test_sprint_abc.TestIntegrationsHealthSLA" name="test_social_channels_have_sla_fields" time="0.004" /><testcase classname="tests.test_sprint_abc.TestActivityFeed" name="test_activity_recent_shape_and_limit" time="0.043" /><testcase classname="tests.test_sprint_abc.TestActivityFeed" name="test_activity_limit_bounds" time="0.086" /><testcase classname="tests.test_sprint_abc.TestActivityFeed" name="test_multitenant_isolation" time="0.002"><skipped type="pytest.skip" message="Cannot create fresh user: 404 {&quot;detail&quot;:&quot;Not Found&quot;}">/app/backend/tests/test_sprint_abc.py:152: Cannot create fresh user: 404 {"detail":"Not Found"}</skipped></testcase><testcase classname="tests.test_sprint_abc.TestQuotaStatus" name="test_quota_status_shape" time="0.044" /><testcase classname="tests.test_sprint_abc.TestResumeOnboarding" name="test_wizard_resume_clears_dismissed" time="0.177" /><testcase classname="tests.test_sprint_abc.TestDispatcherGates" name="test_content_safety_blocks_profanity" time="0.398" /><testcase classname="tests.test_sprint_abc.TestDispatcherGates" name="test_approval_gate_social" time="0.004" /></testsuite></testsuites>