<?xml version="1.0" encoding="utf-8"?><testsuites name="pytest tests"><testsuite name="pytest" errors="0" failures="0" skipped="0" tests="25" time="6.720" timestamp="2026-05-01T02:42:19.681658+00:00" hostname="agent-env-eda3142b-49f0-418d-ae65-7f4a288786e0"><testcase classname="backend.tests.test_iter21_integrations_admin_setup.TestIntegrationsHealth" name="test_health_requires_auth" time="0.112" /><testcase classname="backend.tests.test_iter21_integrations_admin_setup.TestIntegrationsHealth" name="test_health_returns_9_channels" time="0.438" /><testcase classname="backend.tests.test_iter21_integrations_admin_setup.TestIntegrationsHealth" name="test_provider_configured_flags" time="0.110" /><testcase classname="backend.tests.test_iter21_integrations_admin_setup.TestIntegrationsHealth" name="test_platform_services_healthy" time="0.101" /><testcase classname="backend.tests.test_iter21_integrations_admin_setup.TestIntegrationsHealth" name="test_no_token_leak_in_health" time="0.169" /><testcase classname="backend.tests.test_iter21_integrations_admin_setup.TestFacebookPages" name="test_pages_unconnected_user" time="0.146" /><testcase classname="backend.tests.test_iter21_integrations_admin_setup.TestFacebookPages" name="test_pages_no_token_leak" time="0.136" /><testcase classname="backend.tests.test_iter21_integrations_admin_setup.TestFacebookPages" name="test_select_page_404_not_in_pages" time="0.110" /><testcase classname="backend.tests.test_iter21_integrations_admin_setup.TestMetaAdsBind" name="test_bind_short_token_rejected" time="0.111" /><testcase classname="backend.tests.test_iter21_integrations_admin_setup.TestMetaAdsBind" name="test_bind_bad_account_id_format" time="0.656" /><testcase classname="backend.tests.test_iter21_integrations_admin_setup.TestMetaAdsBind" name="test_bind_invalid_token_rejected_by_graph" time="0.270" /><testcase classname="backend.tests.test_iter21_integrations_admin_setup.TestMetaAdsBind" name="test_unbind_idempotent" time="0.210" /><testcase classname="backend.tests.test_iter21_integrations_admin_setup.TestHunterBind" name="test_bind_short_key_rejected" time="0.108" /><testcase classname="backend.tests.test_iter21_integrations_admin_setup.TestHunterBind" name="test_bind_invalid_key_rejected_by_hunter" time="0.592" /><testcase classname="backend.tests.test_iter21_integrations_admin_setup.TestHunterBind" name="test_unbind_idempotent" time="0.222" /><testcase classname="backend.tests.test_iter21_integrations_admin_setup.TestAdminPlatformSetup" name="test_non_admin_403" time="0.109" /><testcase classname="backend.tests.test_iter21_integrations_admin_setup.TestAdminPlatformSetup" name="test_admin_returns_providers_services_flags" time="0.565" /><testcase classname="backend.tests.test_iter21_integrations_admin_setup.TestAdminPlatformSetup" name="test_admin_configured_count_matches" time="0.101" /><testcase classname="backend.tests.test_iter21_integrations_admin_setup.TestAdminPlatformSetup" name="test_admin_no_secrets_exposed" time="0.123" /><testcase classname="backend.tests.test_iter21_integrations_admin_setup.TestRazorpaySwapLive" name="test_non_admin_403" time="0.129" /><testcase classname="backend.tests.test_iter21_integrations_admin_setup.TestRazorpaySwapLive" name="test_rejects_non_live_prefix" time="0.109" /><testcase classname="backend.tests.test_iter21_integrations_admin_setup.TestRazorpaySwapLive" name="test_rejects_invalid_live_key" time="0.854" /><testcase classname="backend.tests.test_iter21_integrations_admin_setup.TestLeadEnrichRegression" name="test_enrich_no_hunter_ai_fallback" time="0.945" /><testcase classname="backend.tests.test_iter21_integrations_admin_setup.TestMultiTenantIsolation" name="test_user_cannot_access_admin_setup" time="0.109" /><testcase classname="backend.tests.test_iter21_integrations_admin_setup.TestMultiTenantIsolation" name="test_admin_can_access_admin_setup" time="0.117" /></testsuite></testsuites>