<?xml version="1.0" encoding="utf-8"?><testsuites name="pytest tests"><testsuite name="pytest" errors="0" failures="0" skipped="0" tests="17" time="42.229" timestamp="2026-04-27T01:48:42.115528+00:00" hostname="agent-env-eda3142b-49f0-418d-ae65-7f4a288786e0"><testcase classname="backend.tests.test_zeromark_p1_features.TestRegression" name="test_auth_me" time="0.492" /><testcase classname="backend.tests.test_zeromark_p1_features.TestRegression" name="test_dashboard_stats" time="0.158" /><testcase classname="backend.tests.test_zeromark_p1_features.TestRegression" name="test_leads_list" time="0.112" /><testcase classname="backend.tests.test_zeromark_p1_features.TestRegression" name="test_campaigns_list" time="0.138" /><testcase classname="backend.tests.test_zeromark_p1_features.TestRegression" name="test_approvals_list" time="0.109" /><testcase classname="backend.tests.test_zeromark_p1_features.TestBruteForceLockout" name="test_lockout_after_5_failures" time="2.948" /><testcase classname="backend.tests.test_zeromark_p1_features.TestBruteForceLockout" name="test_valid_login_resets_counter" time="2.203" /><testcase classname="backend.tests.test_zeromark_p1_features.TestBackgroundCampaignSend" name="test_send_returns_immediately_and_processes" time="28.126" /><testcase classname="backend.tests.test_zeromark_p1_features.TestLeadScoring" name="test_score_specific_lead_ids" time="1.774" /><testcase classname="backend.tests.test_zeromark_p1_features.TestLeadScoring" name="test_score_batch_empty_body" time="2.755" /><testcase classname="backend.tests.test_zeromark_p1_features.TestLeadDetailAndComms" name="test_get_lead_with_communications" time="0.126" /><testcase classname="backend.tests.test_zeromark_p1_features.TestLeadDetailAndComms" name="test_log_communication" time="0.222" /><testcase classname="backend.tests.test_zeromark_p1_features.TestLeadDetailAndComms" name="test_log_communication_lead_not_found" time="0.103" /><testcase classname="backend.tests.test_zeromark_p1_features.TestAIReply" name="test_ai_draft_reply" time="0.418" /><testcase classname="backend.tests.test_zeromark_p1_features.TestIntegrations" name="test_integrations_full_flow" time="0.585" /><testcase classname="backend.tests.test_zeromark_p1_features.TestBriefing" name="test_generate_and_latest" time="1.789" /><testcase classname="backend.tests.test_zeromark_p1_features" name="test_cleanup_seed" time="0.107" /></testsuite></testsuites>