<?xml version="1.0" encoding="utf-8"?><testsuites name="pytest tests"><testsuite name="pytest" errors="0" failures="0" skipped="0" tests="37" time="27.822" timestamp="2026-04-26T18:28:16.267041+00:00" hostname="agent-env-eda3142b-49f0-418d-ae65-7f4a288786e0"><testcase classname="backend.tests.test_zeromark_backend.TestHealth" name="test_root" time="0.159" /><testcase classname="backend.tests.test_zeromark_backend.TestHealth" name="test_health" time="0.049" /><testcase classname="backend.tests.test_zeromark_backend.TestAuth" name="test_register_and_me" time="0.314" /><testcase classname="backend.tests.test_zeromark_backend.TestAuth" name="test_register_duplicate" time="0.044" /><testcase classname="backend.tests.test_zeromark_backend.TestAuth" name="test_login_invalid" time="0.271" /><testcase classname="backend.tests.test_zeromark_backend.TestAuth" name="test_login_admin" time="0.273" /><testcase classname="backend.tests.test_zeromark_backend.TestAuth" name="test_unauth_access" time="0.141" /><testcase classname="backend.tests.test_zeromark_backend.TestAuth" name="test_logout" time="0.317" /><testcase classname="backend.tests.test_zeromark_backend.TestBusiness" name="test_upsert_and_get" time="0.088" /><testcase classname="backend.tests.test_zeromark_backend.TestLeads" name="test_create_lead" time="0.044" /><testcase classname="backend.tests.test_zeromark_backend.TestLeads" name="test_list_leads_pagination" time="0.050" /><testcase classname="backend.tests.test_zeromark_backend.TestLeads" name="test_list_leads_filter" time="0.049" /><testcase classname="backend.tests.test_zeromark_backend.TestLeads" name="test_update_lead" time="0.088" /><testcase classname="backend.tests.test_zeromark_backend.TestLeads" name="test_import_leads" time="0.056" /><testcase classname="backend.tests.test_zeromark_backend.TestLeads" name="test_delete_lead" time="0.091" /><testcase classname="backend.tests.test_zeromark_backend.TestCampaignApproval" name="test_create_campaign_pending" time="0.044" /><testcase classname="backend.tests.test_zeromark_backend.TestCampaignApproval" name="test_list_campaigns" time="0.043" /><testcase classname="backend.tests.test_zeromark_backend.TestCampaignApproval" name="test_pending_approvals" time="0.046" /><testcase classname="backend.tests.test_zeromark_backend.TestCampaignApproval" name="test_modify_approval_updates_campaign" time="0.087" /><testcase classname="backend.tests.test_zeromark_backend.TestCampaignApproval" name="test_send_campaign_after_approval" time="18.085" /><testcase classname="backend.tests.test_zeromark_backend.TestCampaignApproval" name="test_send_unapproved_campaign_blocked" time="0.134" /><testcase classname="backend.tests.test_zeromark_backend.TestCampaignApproval" name="test_reject_approval" time="0.220" /><testcase classname="backend.tests.test_zeromark_backend.TestCampaignApproval" name="test_approve_only" time="0.229" /><testcase classname="backend.tests.test_zeromark_backend.TestCampaignApproval" name="test_delete_campaign" time="0.043" /><testcase classname="backend.tests.test_zeromark_backend.TestAIGenerate" name="test_generate_email_returns_subject" time="0.993" /><testcase classname="backend.tests.test_zeromark_backend.TestAIGenerate" name="test_generate_sms_short" time="0.321" /><testcase classname="backend.tests.test_zeromark_backend.TestDashboard" name="test_stats_shape" time="0.063" /><testcase classname="backend.tests.test_zeromark_backend.TestReports" name="test_lead_performance" time="0.045" /><testcase classname="backend.tests.test_zeromark_backend.TestReports" name="test_campaign_performance" time="0.044" /><testcase classname="backend.tests.test_zeromark_backend.TestReports" name="test_gap_analysis" time="0.046" /><testcase classname="backend.tests.test_zeromark_backend.TestReports" name="test_list_reports" time="0.050" /><testcase classname="backend.tests.test_zeromark_backend.TestScraping" name="test_google_maps_scrape_creates_leads" time="3.683" /><testcase classname="backend.tests.test_zeromark_backend.TestScraping" name="test_list_scrape_jobs" time="0.045" /><testcase classname="backend.tests.test_zeromark_backend.TestSubscription" name="test_list_plans_public" time="0.046" /><testcase classname="backend.tests.test_zeromark_backend.TestSubscription" name="test_checkout_creates_order" time="0.853" /><testcase classname="backend.tests.test_zeromark_backend.TestSubscription" name="test_invalid_plan" time="0.050" /><testcase classname="backend.tests.test_zeromark_backend.TestSubscription" name="test_verify_payment_bad_signature" time="0.548" /></testsuite></testsuites>